#
# A fatal error has been detected by the Java Runtime Environment:
#
#  EXCEPTION_ACCESS_VIOLATION (0xc0000005) at pc=0x0000000070633d20, pid=2648, tid=0x0000000000002310
#
# JRE version: OpenJDK Runtime Environment (8.0_242-b01) (build 1.8.0_242-release-1644-b01)
# Java VM: OpenJDK 64-Bit Server VM (25.242-b01 mixed mode windows-amd64 compressed oops)
# Problematic frame:
# V  [jvm.dll+0x53d20]
#
# Failed to write core dump. Minidumps are not enabled by default on client versions of Windows
#
# If you would like to submit a bug report, please visit:
#   
#

---------------  T H R E A D  ---------------

Current thread (0x0000000019cc7800):  JavaThread "Daemon worker" [_thread_in_vm, id=8976, stack(0x000000001d270000,0x000000001d370000)]

siginfo: ExceptionCode=0xc0000005, reading address 0x00000000a36a76f5

Registers:
RAX=0x000000001e1b1f00, RBX=0x000000001d364420, RCX=0x0000000001890532, RDX=0x0000000000002e25
RSP=0x000000001d3641c0, RBP=0x000000001d364298, RSI=0x00000000a36a7635, RDI=0x0000000000000000
R8 =0x000000001e1b1f1d, R9 =0x0000000000000015, R10=0x0000000000000080, R11=0x000000001d364070
R12=0x0000000000000008, R13=0x000000001d3643a0, R14=0x0000000002dbdb80, R15=0xffffffffffffffc0
RIP=0x0000000070633d20, EFLAGS=0x0000000000010202

Top of Stack: (sp=0x000000001d3641c0)
0x000000001d3641c0:   000000001d364420 000000001d364298
0x000000001d3641d0:   00000000a36a7635 0000000000000000
0x000000001d3641e0:   0000000019cc7800 00007ffb70e1b997
0x000000001d3641f0:   0000000000e50000 0000000000000003
0x000000001d364200:   000000001d364400 000000001d3643e0
0x000000001d364210:   0000000000000008 000000001d3643a0
0x000000001d364220:   000000001d364420 000000001d364380
0x000000001d364230:   0000000002afcb50 00000000706352b4
0x000000001d364240:   0000000002dbdb80 00000000197c6eb0
0x000000001d364250:   0000000019cc7800 0000000000003f50
0x000000001d364260:   000000001d3643a0 000000001d364420
0x000000001d364270:   000000001d3643e0 ffffffffffffffe0
0x000000001d364280:   0000000019cc7800 0000000000000018
0x000000001d364290:   0000000002dbdb80 000000001ffae2e0
0x000000001d3642a0:   0000000019cc7800 00000000705f58f1
0x000000001d3642b0:   000000001eb57727 0000000000000018 

Instructions: (pc=0x0000000070633d20)
0x0000000070633d00:   48 3b 05 89 70 75 00 48 8b 84 24 c0 00 00 00 49
0x0000000070633d10:   8b ce 41 0f 95 c1 48 89 44 24 20 e8 40 f4 ff ff
0x0000000070633d20:   48 8b 8c 24 c0 00 00 00 48 83 79 08 00 48 89 44
0x0000000070633d30:   24 30 0f 85 f5 00 00 00 4c 8b c0 8b d6 49 8b ce 


Register to memory mapping:

RAX=0x000000001e1b1f00 is an unknown value
RBX=0x000000001d364420 is pointing into the stack for thread: 0x0000000019cc7800
RCX=0x0000000001890532 is an unknown value
RDX=0x0000000000002e25 is an unknown value
RSP=0x000000001d3641c0 is pointing into the stack for thread: 0x0000000019cc7800
RBP=0x000000001d364298 is pointing into the stack for thread: 0x0000000019cc7800
RSI=0x00000000a36a7635 is an unallocated location in the heap
RDI=0x0000000000000000 is an unknown value
R8 =0x000000001e1b1f1d is an unknown value
R9 =0x0000000000000015 is an unknown value
R10=0x0000000000000080 is an unknown value
R11=0x000000001d364070 is pointing into the stack for thread: 0x0000000019cc7800
R12=0x0000000000000008 is an unknown value
R13=0x000000001d3643a0 is pointing into the stack for thread: 0x0000000019cc7800
R14=0x0000000002dbdb80 is an unknown value
R15=0xffffffffffffffc0 is an unknown value


Stack: [0x000000001d270000,0x000000001d370000],  sp=0x000000001d3641c0,  free space=976k
Native frames: (J=compiled Java code, j=interpreted, Vv=VM code, C=native code)
V  [jvm.dll+0x53d20]
V  [jvm.dll+0x552b4]
V  [jvm.dll+0x30651]
V  [jvm.dll+0x309b9]
V  [jvm.dll+0x38d90]
V  [jvm.dll+0x58b64]
V  [jvm.dll+0x16db24]
V  [jvm.dll+0x16debb]
C  [java.dll+0x1751]
C  0x00000000032085e5

Java frames: (J=compiled Java code, j=interpreted, Vv=VM code)
J 856  java.lang.ClassLoader.defineClass1(Ljava/lang/String;[BIILjava/security/ProtectionDomain;Ljava/lang/String;)Ljava/lang/Class; (0 bytes) @ 0x000000000320855f [0x00000000032084c0+0x9f]
J 649 C1 java.lang.ClassLoader.defineClass(Ljava/lang/String;[BIILjava/security/ProtectionDomain;)Ljava/lang/Class; (43 bytes) @ 0x0000000003145424 [0x0000000003144e40+0x5e4]
J 1646 C1 java.security.SecureClassLoader.defineClass(Ljava/lang/String;[BIILjava/security/CodeSource;)Ljava/lang/Class; (16 bytes) @ 0x0000000003463e94 [0x0000000003463d40+0x154]
J 1477 C2 java.net.URLClassLoader$1.run()Ljava/lang/Object; (5 bytes) @ 0x000000000346a784 [0x00000000034699e0+0xda4]
v  ~StubRoutines::call_stub
J 438  java.security.AccessController.doPrivileged(Ljava/security/PrivilegedExceptionAction;Ljava/security/AccessControlContext;)Ljava/lang/Object; (0 bytes) @ 0x00000000030a7e66 [0x00000000030a7e00+0x66]
J 1438 C2 java.net.URLClassLoader.findClass(Ljava/lang/String;)Ljava/lang/Class; (47 bytes) @ 0x00000000033b8130 [0x00000000033b80a0+0x90]
J 1407 C2 java.lang.ClassLoader.loadClass(Ljava/lang/String;Z)Ljava/lang/Class; (122 bytes) @ 0x00000000033c3d94 [0x00000000033c3040+0xd54]
J 463 C1 java.lang.ClassLoader.loadClass(Ljava/lang/String;)Ljava/lang/Class; (7 bytes) @ 0x00000000030aea0c [0x00000000030ae900+0x10c]
v  ~StubRoutines::call_stub
j  org.gradle.api.internal.artifacts.DependencyManagementGlobalScopeServices.createLocalComponentMetaDataBuilder(Lorg/gradle/api/internal/artifacts/ivyservice/moduleconverter/dependencies/LocalConfigurationMetadataBuilder;)Lorg/gradle/api/internal/artifacts/ivyservice/moduleconverter/LocalComponentMetadataBuilder;+0
v  ~StubRoutines::call_stub
J 1755  sun.reflect.NativeMethodAccessorImpl.invoke0(Ljava/lang/reflect/Method;Ljava/lang/Object;[Ljava/lang/Object;)Ljava/lang/Object; (0 bytes) @ 0x00000000034c6cbf [0x00000000034c6c40+0x7f]
J 1754 C1 sun.reflect.NativeMethodAccessorImpl.invoke(Ljava/lang/Object;[Ljava/lang/Object;)Ljava/lang/Object; (104 bytes) @ 0x00000000034c82e4 [0x00000000034c7140+0x11a4]
J 1248 C1 sun.reflect.DelegatingMethodAccessorImpl.invoke(Ljava/lang/Object;[Ljava/lang/Object;)Ljava/lang/Object; (10 bytes) @ 0x0000000003344c04 [0x0000000003344b00+0x104]
J 1247 C1 java.lang.reflect.Method.invoke(Ljava/lang/Object;[Ljava/lang/Object;)Ljava/lang/Object; (62 bytes) @ 0x0000000003342cac [0x00000000033428c0+0x3ec]
j  org.gradle.internal.reflect.JavaMethod.invoke(Ljava/lang/Object;[Ljava/lang/Object;)Ljava/lang/Object;+6
j  org.gradle.internal.service.ReflectionBasedServiceMethod.invoke(Ljava/lang/Object;[Ljava/lang/Object;)Ljava/lang/Object;+6
j  org.gradle.internal.service.DefaultServiceRegistry$FactoryMethodService.invokeMethod([Ljava/lang/Object;)Ljava/lang/Object;+9
j  org.gradle.internal.service.DefaultServiceRegistry$FactoryService.create()Ljava/lang/Object;+7
J 1435 C1 org.gradle.internal.service.DefaultServiceRegistry$ManagedObjectServiceProvider.getInstance()Ljava/lang/Object; (81 bytes) @ 0x00000000033b884c [0x00000000033b8600+0x24c]
J 1434 C1 org.gradle.internal.service.DefaultServiceRegistry$SingletonService.get()Ljava/lang/Object; (5 bytes) @ 0x00000000033b8db4 [0x00000000033b8cc0+0xf4]
j  org.gradle.internal.service.DefaultServiceRegistry$FactoryService.assembleParameters()[Ljava/lang/Object;+44
j  org.gradle.internal.service.DefaultServiceRegistry$FactoryService.create()Ljava/lang/Object;+1
J 1435 C1 org.gradle.internal.service.DefaultServiceRegistry$ManagedObjectServiceProvider.getInstance()Ljava/lang/Object; (81 bytes) @ 0x00000000033b884c [0x00000000033b8600+0x24c]
J 1434 C1 org.gradle.internal.service.DefaultServiceRegistry$SingletonService.get()Ljava/lang/Object; (5 bytes) @ 0x00000000033b8db4 [0x00000000033b8cc0+0xf4]
j  org.gradle.internal.service.DefaultServiceRegistry.getCollectionService(Ljava/lang/Class;Lorg/gradle/internal/service/ServiceProvider;)Lorg/gradle/internal/service/Service;+76
j  org.gradle.internal.service.DefaultServiceRegistry.getCollectionService(Ljava/lang/reflect/Type;Lorg/gradle/internal/service/ServiceProvider;)Lorg/gradle/internal/service/Service;+14
J 1565 C1 org.gradle.internal.service.DefaultServiceRegistry.find(Ljava/lang/reflect/Type;Lorg/gradle/internal/service/ServiceProvider;)Lorg/gradle/internal/service/Service; (142 bytes) @ 0x00000000034398cc [0x0000000003438660+0x126c]
J 1802 C1 org.gradle.internal.service.DefaultServiceRegistry$FactoryService.bind()V (283 bytes) @ 0x000000000351691c [0x0000000003516320+0x5fc]
J 1433 C1 org.gradle.internal.service.DefaultServiceRegistry$SingletonService.prepare()Lorg/gradle/internal/service/Service; (111 bytes) @ 0x00000000033b9474 [0x00000000033b91a0+0x2d4]
J 1567 C1 org.gradle.internal.service.DefaultServiceRegistry$SingletonService.getService(Ljava/lang/reflect/Type;)Lorg/gradle/internal/service/Service; (18 bytes) @ 0x000000000343b6e4 [0x000000000343b5a0+0x144]
J 1560 C1 org.gradle.internal.service.DefaultServiceRegistry$OwnServices.getService(Ljava/lang/reflect/Type;)Lorg/gradle/internal/service/Service; (309 bytes) @ 0x0000000003434b8c [0x0000000003432480+0x270c]
J 1562 C1 org.gradle.internal.service.DefaultServiceRegistry$CompositeServiceProvider.getService(Ljava/lang/reflect/Type;)Lorg/gradle/internal/service/Service; (49 bytes) @ 0x0000000003437174 [0x0000000003437040+0x134]
J 1565 C1 org.gradle.internal.service.DefaultServiceRegistry.find(Ljava/lang/reflect/Type;Lorg/gradle/internal/service/ServiceProvider;)Lorg/gradle/internal/service/Service; (142 bytes) @ 0x0000000003439c5c [0x0000000003438660+0x15fc]
J 1802 C1 org.gradle.internal.service.DefaultServiceRegistry$FactoryService.bind()V (283 bytes) @ 0x000000000351691c [0x0000000003516320+0x5fc]
J 1433 C1 org.gradle.internal.service.DefaultServiceRegistry$SingletonService.prepare()Lorg/gradle/internal/service/Service; (111 bytes) @ 0x00000000033b9474 [0x00000000033b91a0+0x2d4]
J 1567 C1 org.gradle.internal.service.DefaultServiceRegistry$SingletonService.getService(Ljava/lang/reflect/Type;)Lorg/gradle/internal/service/Service; (18 bytes) @ 0x000000000343b6e4 [0x000000000343b5a0+0x144]
J 1560 C1 org.gradle.internal.service.DefaultServiceRegistry$OwnServices.getService(Ljava/lang/reflect/Type;)Lorg/gradle/internal/service/Service; (309 bytes) @ 0x0000000003434b8c [0x0000000003432480+0x270c]
J 1562 C1 org.gradle.internal.service.DefaultServiceRegistry$CompositeServiceProvider.getService(Ljava/lang/reflect/Type;)Lorg/gradle/internal/service/Service; (49 bytes) @ 0x0000000003437174 [0x0000000003437040+0x134]
J 1565 C1 org.gradle.internal.service.DefaultServiceRegistry.find(Ljava/lang/reflect/Type;Lorg/gradle/internal/service/ServiceProvider;)Lorg/gradle/internal/service/Service; (142 bytes) @ 0x0000000003439c5c [0x0000000003438660+0x15fc]
J 1802 C1 org.gradle.internal.service.DefaultServiceRegistry$FactoryService.bind()V (283 bytes) @ 0x000000000351691c [0x0000000003516320+0x5fc]
J 1433 C1 org.gradle.internal.service.DefaultServiceRegistry$SingletonService.prepare()Lorg/gradle/internal/service/Service; (111 bytes) @ 0x00000000033b9474 [0x00000000033b91a0+0x2d4]
j  org.gradle.internal.service.DefaultServiceRegistry$SingletonService.getAll(Ljava/lang/Class;Lorg/gradle/internal/service/ServiceProvider$Visitor;)Lorg/gradle/internal/service/ServiceProvider$Visitor;+13
j  org.gradle.internal.service.DefaultServiceRegistry$FactoryService.getAll(Ljava/lang/Class;Lorg/gradle/internal/service/ServiceProvider$Visitor;)Lorg/gradle/internal/service/ServiceProvider$Visitor;+3
j  org.gradle.internal.service.DefaultServiceRegistry$OwnServices.getAll(Ljava/lang/Class;Lorg/gradle/internal/service/ServiceProvider$Visitor;)Lorg/gradle/internal/service/ServiceProvider$Visitor;+35
j  org.gradle.internal.service.DefaultServiceRegistry$CompositeServiceProvider.getAll(Ljava/lang/Class;Lorg/gradle/internal/service/ServiceProvider$Visitor;)Lorg/gradle/internal/service/ServiceProvider$Visitor;+29
j  org.gradle.internal.service.DefaultServiceRegistry.getCollectionService(Ljava/lang/Class;Lorg/gradle/internal/service/ServiceProvider;)Lorg/gradle/internal/service/Service;+23
j  org.gradle.internal.service.DefaultServiceRegistry.getCollectionService(Ljava/lang/reflect/Type;Lorg/gradle/internal/service/ServiceProvider;)Lorg/gradle/internal/service/Service;+14
J 1565 C1 org.gradle.internal.service.DefaultServiceRegistry.find(Ljava/lang/reflect/Type;Lorg/gradle/internal/service/ServiceProvider;)Lorg/gradle/internal/service/Service; (142 bytes) @ 0x00000000034398cc [0x0000000003438660+0x126c]
J 1621 C1 org.gradle.internal.service.DefaultServiceRegistry.access$1500(Ljava/lang/reflect/Type;Lorg/gradle/internal/service/ServiceProvider;)Lorg/gradle/internal/service/Service; (6 bytes) @ 0x0000000003454bdc [0x0000000003454b80+0x5c]
j  org.gradle.internal.service.DefaultServiceRegistry$FactoryService.bind()V+143
J 1433 C1 org.gradle.internal.service.DefaultServiceRegistry$SingletonService.prepare()Lorg/gradle/internal/service/Service; (111 bytes) @ 0x00000000033b9474 [0x00000000033b91a0+0x2d4]
J 1567 C1 org.gradle.internal.service.DefaultServiceRegistry$SingletonService.getService(Ljava/lang/reflect/Type;)Lorg/gradle/internal/service/Service; (18 bytes) @ 0x000000000343b6e4 [0x000000000343b5a0+0x144]
J 1560 C1 org.gradle.internal.service.DefaultServiceRegistry$OwnServices.getService(Ljava/lang/reflect/Type;)Lorg/gradle/internal/service/Service; (309 bytes) @ 0x0000000003434b8c [0x0000000003432480+0x270c]
J 1562 C1 org.gradle.internal.service.DefaultServiceRegistry$CompositeServiceProvider.getService(Ljava/lang/reflect/Type;)Lorg/gradle/internal/service/Service; (49 bytes) @ 0x0000000003437174 [0x0000000003437040+0x134]
J 1741 C1 org.gradle.internal.service.DefaultServiceRegistry$ParentServices.getService(Ljava/lang/reflect/Type;)Lorg/gradle/internal/service/Service; (11 bytes) @ 0x00000000034c1e44 [0x00000000034c1d40+0x104]
J 1562 C1 org.gradle.internal.service.DefaultServiceRegistry$CompositeServiceProvider.getService(Ljava/lang/reflect/Type;)Lorg/gradle/internal/service/Service; (49 bytes) @ 0x0000000003437174 [0x0000000003437040+0x134]
J 1565 C1 org.gradle.internal.service.DefaultServiceRegistry.find(Ljava/lang/reflect/Type;Lorg/gradle/internal/service/ServiceProvider;)Lorg/gradle/internal/service/Service; (142 bytes) @ 0x0000000003439c5c [0x0000000003438660+0x15fc]
J 1621 C1 org.gradle.internal.service.DefaultServiceRegistry.access$1500(Ljava/lang/reflect/Type;Lorg/gradle/internal/service/ServiceProvider;)Lorg/gradle/internal/service/Service; (6 bytes) @ 0x0000000003454bdc [0x0000000003454b80+0x5c]
j  org.gradle.internal.service.DefaultServiceRegistry$FactoryService.bind()V+143
J 1433 C1 org.gradle.internal.service.DefaultServiceRegistry$SingletonService.prepare()Lorg/gradle/internal/service/Service; (111 bytes) @ 0x00000000033b9474 [0x00000000033b91a0+0x2d4]
J 1567 C1 org.gradle.internal.service.DefaultServiceRegistry$SingletonService.getService(Ljava/lang/reflect/Type;)Lorg/gradle/internal/service/Service; (18 bytes) @ 0x000000000343b6e4 [0x000000000343b5a0+0x144]
J 1560 C1 org.gradle.internal.service.DefaultServiceRegistry$OwnServices.getService(Ljava/lang/reflect/Type;)Lorg/gradle/internal/service/Service; (309 bytes) @ 0x0000000003434b8c [0x0000000003432480+0x270c]
J 1562 C1 org.gradle.internal.service.DefaultServiceRegistry$CompositeServiceProvider.getService(Ljava/lang/reflect/Type;)Lorg/gradle/internal/service/Service; (49 bytes) @ 0x0000000003437174 [0x0000000003437040+0x134]
J 1565 C1 org.gradle.internal.service.DefaultServiceRegistry.find(Ljava/lang/reflect/Type;Lorg/gradle/internal/service/ServiceProvider;)Lorg/gradle/internal/service/Service; (142 bytes) @ 0x0000000003439c5c [0x0000000003438660+0x15fc]
J 1621 C1 org.gradle.internal.service.DefaultServiceRegistry.access$1500(Ljava/lang/reflect/Type;Lorg/gradle/internal/service/ServiceProvider;)Lorg/gradle/internal/service/Service; (6 bytes) @ 0x0000000003454bdc [0x0000000003454b80+0x5c]
j  org.gradle.internal.service.DefaultServiceRegistry$FactoryService.bind()V+143
J 1433 C1 org.gradle.internal.service.DefaultServiceRegistry$SingletonService.prepare()Lorg/gradle/internal/service/Service; (111 bytes) @ 0x00000000033b9474 [0x00000000033b91a0+0x2d4]
J 1567 C1 org.gradle.internal.service.DefaultServiceRegistry$SingletonService.getService(Ljava/lang/reflect/Type;)Lorg/gradle/internal/service/Service; (18 bytes) @ 0x000000000343b6e4 [0x000000000343b5a0+0x144]
J 1560 C1 org.gradle.internal.service.DefaultServiceRegistry$OwnServices.getService(Ljava/lang/reflect/Type;)Lorg/gradle/internal/service/Service; (309 bytes) @ 0x0000000003434b8c [0x0000000003432480+0x270c]
J 1562 C1 org.gradle.internal.service.DefaultServiceRegistry$CompositeServiceProvider.getService(Ljava/lang/reflect/Type;)Lorg/gradle/internal/service/Service; (49 bytes) @ 0x0000000003437174 [0x0000000003437040+0x134]
J 1565 C1 org.gradle.internal.service.DefaultServiceRegistry.find(Ljava/lang/reflect/Type;Lorg/gradle/internal/service/ServiceProvider;)Lorg/gradle/internal/service/Service; (142 bytes) @ 0x0000000003439c5c [0x0000000003438660+0x15fc]
J 1621 C1 org.gradle.internal.service.DefaultServiceRegistry.access$1500(Ljava/lang/reflect/Type;Lorg/gradle/internal/service/ServiceProvider;)Lorg/gradle/internal/service/Service; (6 bytes) @ 0x0000000003454bdc [0x0000000003454b80+0x5c]
j  org.gradle.internal.service.DefaultServiceRegistry$FactoryService.bind()V+143
J 1433 C1 org.gradle.internal.service.DefaultServiceRegistry$SingletonService.prepare()Lorg/gradle/internal/service/Service; (111 bytes) @ 0x00000000033b9474 [0x00000000033b91a0+0x2d4]
J 1567 C1 org.gradle.internal.service.DefaultServiceRegistry$SingletonService.getService(Ljava/lang/reflect/Type;)Lorg/gradle/internal/service/Service; (18 bytes) @ 0x000000000343b6e4 [0x000000000343b5a0+0x144]
J 1560 C1 org.gradle.internal.service.DefaultServiceRegistry$OwnServices.getService(Ljava/lang/reflect/Type;)Lorg/gradle/internal/service/Service; (309 bytes) @ 0x0000000003434b8c [0x0000000003432480+0x270c]
J 1562 C1 org.gradle.internal.service.DefaultServiceRegistry$CompositeServiceProvider.getService(Ljava/lang/reflect/Type;)Lorg/gradle/internal/service/Service; (49 bytes) @ 0x0000000003437174 [0x0000000003437040+0x134]
J 1565 C1 org.gradle.internal.service.DefaultServiceRegistry.find(Ljava/lang/reflect/Type;Lorg/gradle/internal/service/ServiceProvider;)Lorg/gradle/internal/service/Service; (142 bytes) @ 0x0000000003439c5c [0x0000000003438660+0x15fc]
j  org.gradle.internal.service.DefaultServiceRegistry.getService(Ljava/lang/reflect/Type;)Lorg/gradle/internal/service/Service;+9
j  org.gradle.internal.service.DefaultServiceRegistry.find(Ljava/lang/reflect/Type;)Ljava/lang/Object;+9
j  org.gradle.internal.service.DefaultServiceRegistry.get(Ljava/lang/reflect/Type;)Ljava/lang/Object;+2
j  org.gradle.internal.service.DefaultServiceRegistry.get(Ljava/lang/Class;)Ljava/lang/Object;+3
j  org.gradle.api.internal.artifacts.DefaultDependencyManagementServices$DefaultDependencyResolutionServices.getDependencyLockingHandler()Lorg/gradle/api/artifacts/dsl/DependencyLockingHandler;+6
j  org.gradle.api.internal.initialization.DefaultScriptHandler.<init>(Lorg/gradle/groovy/scripts/ScriptSource;Lorg/gradle/api/internal/artifacts/DependencyResolutionServices;Lorg/gradle/api/internal/initialization/ClassLoaderScope;Lorg/gradle/api/internal/initialization/ScriptClassPathResolver;Lorg/gradle/api/internal/model/NamedObjectInstantiator;)V+43
j  org.gradle.api.internal.initialization.DefaultScriptHandlerFactory.create(Lorg/gradle/groovy/scripts/ScriptSource;Lorg/gradle/api/internal/initialization/ClassLoaderScope;Lorg/gradle/api/internal/DomainObjectContext;)Lorg/gradle/api/internal/initialization/ScriptHandlerInternal;+44
j  org.gradle.api.internal.initialization.DefaultScriptHandlerFactory.create(Lorg/gradle/groovy/scripts/ScriptSource;Lorg/gradle/api/internal/initialization/ClassLoaderScope;)Lorg/gradle/api/internal/initialization/ScriptHandlerInternal;+6
j  org.gradle.initialization.SettingsFactory.createSettings(Lorg/gradle/api/internal/GradleInternal;Ljava/io/File;Lorg/gradle/groovy/scripts/ScriptSource;Ljava/util/Map;Lorg/gradle/StartParameter;Lorg/gradle/api/internal/initialization/ClassLoaderScope;)Lorg/gradle/api/internal/SettingsInternal;+18
j  org.gradle.initialization.ScriptEvaluatingSettingsProcessor.process(Lorg/gradle/api/internal/GradleInternal;Lorg/gradle/initialization/SettingsLocation;Lorg/gradle/api/internal/initialization/ClassLoaderScope;Lorg/gradle/StartParameter;)Lorg/gradle/api/internal/SettingsInternal;+59
j  org.gradle.initialization.SettingsEvaluatedCallbackFiringSettingsProcessor.process(Lorg/gradle/api/internal/GradleInternal;Lorg/gradle/initialization/SettingsLocation;Lorg/gradle/api/internal/initialization/ClassLoaderScope;Lorg/gradle/StartParameter;)Lorg/gradle/api/internal/SettingsInternal;+9
j  org.gradle.initialization.RootBuildCacheControllerSettingsProcessor.process(Lorg/gradle/api/internal/GradleInternal;Lorg/gradle/initialization/SettingsLocation;Lorg/gradle/api/internal/initialization/ClassLoaderScope;Lorg/gradle/StartParameter;)Lorg/gradle/api/internal/SettingsInternal;+9
j  org.gradle.initialization.BuildOperationSettingsProcessor$2.call(Lorg/gradle/internal/operations/BuildOperationContext;)Lorg/gradle/api/internal/SettingsInternal;+23
j  org.gradle.initialization.BuildOperationSettingsProcessor$2.call(Lorg/gradle/internal/operations/BuildOperationContext;)Ljava/lang/Object;+2
j  org.gradle.internal.operations.DefaultBuildOperationExecutor$CallableBuildOperationWorker.execute(Lorg/gradle/internal/operations/CallableBuildOperation;Lorg/gradle/internal/operations/BuildOperationContext;)V+3
j  org.gradle.internal.operations.DefaultBuildOperationExecutor$CallableBuildOperationWorker.execute(Lorg/gradle/internal/operations/BuildOperation;Lorg/gradle/internal/operations/BuildOperationContext;)V+6
j  org.gradle.internal.operations.DefaultBuildOperationExecutor$1.execute(Lorg/gradle/internal/operations/BuildOperationDescriptor;Lorg/gradle/internal/operations/DefaultBuildOperationExecutor$DefaultBuildOperationContext;Lorg/gradle/internal/operations/DefaultBuildOperationExecutor$BuildOperationExecutionListener;)Lorg/gradle/internal/operations/BuildOperation;+18
j  org.gradle.internal.operations.DefaultBuildOperationExecutor.execute(Lorg/gradle/internal/operations/BuildOperationDescriptor$Builder;Lorg/gradle/internal/operations/DefaultBuildOperationExecutor$BuildOperationState;Lorg/gradle/internal/operations/DefaultBuildOperationExecutor$BuildOperationExecution;)Lorg/gradle/internal/operations/BuildOperation;+105
j  org.gradle.internal.operations.DefaultBuildOperationExecutor.execute(Lorg/gradle/internal/operations/BuildOperation;Lorg/gradle/internal/operations/BuildOperationWorker;Lorg/gradle/internal/operations/DefaultBuildOperationExecutor$BuildOperationState;)V+22
j  org.gradle.internal.operations.DefaultBuildOperationExecutor.call(Lorg/gradle/internal/operations/CallableBuildOperation;)Ljava/lang/Object;+16
j  org.gradle.internal.operations.DelegatingBuildOperationExecutor.call(Lorg/gradle/internal/operations/CallableBuildOperation;)Ljava/lang/Object;+5
j  org.gradle.initialization.BuildOperationSettingsProcessor.process(Lorg/gradle/api/internal/GradleInternal;Lorg/gradle/initialization/SettingsLocation;Lorg/gradle/api/internal/initialization/ClassLoaderScope;Lorg/gradle/StartParameter;)Lorg/gradle/api/internal/SettingsInternal;+17
j  org.gradle.initialization.DefaultSettingsLoader.findSettingsAndLoadIfAppropriate(Lorg/gradle/api/internal/GradleInternal;Lorg/gradle/StartParameter;Lorg/gradle/initialization/SettingsLocation;Lorg/gradle/api/internal/initialization/ClassLoaderScope;)Lorg/gradle/api/internal/SettingsInternal;+9
j  org.gradle.initialization.DefaultSettingsLoader.findAndLoadSettings(Lorg/gradle/api/internal/GradleInternal;)Lorg/gradle/api/internal/SettingsInternal;+38
j  org.gradle.initialization.SettingsAttachingSettingsLoader.findAndLoadSettings(Lorg/gradle/api/internal/GradleInternal;)Lorg/gradle/api/internal/SettingsInternal;+5
j  org.gradle.internal.composite.CommandLineIncludedBuildSettingsLoader.findAndLoadSettings(Lorg/gradle/api/internal/GradleInternal;)Lorg/gradle/api/internal/SettingsInternal;+5
j  org.gradle.internal.composite.ChildBuildRegisteringSettingsLoader.findAndLoadSettings(Lorg/gradle/api/internal/GradleInternal;)Lorg/gradle/api/internal/SettingsInternal;+5
j  org.gradle.internal.composite.CompositeBuildSettingsLoader.findAndLoadSettings(Lorg/gradle/api/internal/GradleInternal;)Lorg/gradle/api/internal/SettingsInternal;+5
j  org.gradle.initialization.DefaultSettingsPreparer.prepareSettings(Lorg/gradle/api/internal/GradleInternal;)V+41
j  org.gradle.initialization.BuildOperatingFiringSettingsPreparer$LoadBuild.doLoadBuild()V+11
j  org.gradle.initialization.BuildOperatingFiringSettingsPreparer$LoadBuild.run(Lorg/gradle/internal/operations/BuildOperationContext;)V+1
j  org.gradle.internal.operations.DefaultBuildOperationExecutor$RunnableBuildOperationWorker.execute(Lorg/gradle/internal/operations/RunnableBuildOperation;Lorg/gradle/internal/operations/BuildOperationContext;)V+2
j  org.gradle.internal.operations.DefaultBuildOperationExecutor$RunnableBuildOperationWorker.execute(Lorg/gradle/internal/operations/BuildOperation;Lorg/gradle/internal/operations/BuildOperationContext;)V+6
j  org.gradle.internal.operations.DefaultBuildOperationExecutor$1.execute(Lorg/gradle/internal/operations/BuildOperationDescriptor;Lorg/gradle/internal/operations/DefaultBuildOperationExecutor$DefaultBuildOperationContext;Lorg/gradle/internal/operations/DefaultBuildOperationExecutor$BuildOperationExecutionListener;)Lorg/gradle/internal/operations/BuildOperation;+18
j  org.gradle.internal.operations.DefaultBuildOperationExecutor.execute(Lorg/gradle/internal/operations/BuildOperationDescriptor$Builder;Lorg/gradle/internal/operations/DefaultBuildOperationExecutor$BuildOperationState;Lorg/gradle/internal/operations/DefaultBuildOperationExecutor$BuildOperationExecution;)Lorg/gradle/internal/operations/BuildOperation;+105
j  org.gradle.internal.operations.DefaultBuildOperationExecutor.execute(Lorg/gradle/internal/operations/BuildOperation;Lorg/gradle/internal/operations/BuildOperationWorker;Lorg/gradle/internal/operations/DefaultBuildOperationExecutor$BuildOperationState;)V+22
j  org.gradle.internal.operations.DefaultBuildOperationExecutor.run(Lorg/gradle/internal/operations/RunnableBuildOperation;)V+10
j  org.gradle.internal.operations.DelegatingBuildOperationExecutor.run(Lorg/gradle/internal/operations/RunnableBuildOperation;)V+5
j  org.gradle.initialization.BuildOperatingFiringSettingsPreparer.prepareSettings(Lorg/gradle/api/internal/GradleInternal;)V+13
j  org.gradle.initialization.DefaultGradleLauncher.prepareSettings()V+28
j  org.gradle.initialization.DefaultGradleLauncher.doClassicBuildStages(Lorg/gradle/initialization/DefaultGradleLauncher$Stage;)V+17
j  org.gradle.initialization.DefaultGradleLauncher.doBuildStages(Lorg/gradle/initialization/DefaultGradleLauncher$Stage;)V+45
j  org.gradle.initialization.DefaultGradleLauncher.executeTasks()Lorg/gradle/api/internal/GradleInternal;+4
j  org.gradle.internal.invocation.GradleBuildController$$Lambda$54.execute(Ljava/lang/Object;)V+4
j  org.gradle.internal.invocation.GradleBuildController$1.create()Lorg/gradle/api/internal/GradleInternal;+31
j  org.gradle.internal.invocation.GradleBuildController$1.create()Ljava/lang/Object;+1
j  org.gradle.internal.work.DefaultWorkerLeaseService.withLocks(Ljava/lang/Iterable;Lorg/gradle/internal/Factory;)Ljava/lang/Object;+26
j  org.gradle.internal.work.StopShieldingWorkerLeaseService.withLocks(Ljava/lang/Iterable;Lorg/gradle/internal/Factory;)Ljava/lang/Object;+6
j  org.gradle.internal.invocation.GradleBuildController.doBuild(Lorg/gradle/api/internal/GradleInternal$BuildType;Lorg/gradle/api/Action;)Lorg/gradle/api/internal/GradleInternal;+26
j  org.gradle.internal.invocation.GradleBuildController.run()Lorg/gradle/api/internal/GradleInternal;+9
j  org.gradle.tooling.internal.provider.runner.BuildModelActionRunner.run(Lorg/gradle/internal/invocation/BuildAction;Lorg/gradle/internal/invocation/BuildController;)Lorg/gradle/internal/invocation/BuildActionRunner$Result;+78
j  org.gradle.launcher.exec.ChainingBuildActionRunner.run(Lorg/gradle/internal/invocation/BuildAction;Lorg/gradle/internal/invocation/BuildController;)Lorg/gradle/internal/invocation/BuildActionRunner$Result;+34
j  org.gradle.launcher.exec.ChainingBuildActionRunner.run(Lorg/gradle/internal/invocation/BuildAction;Lorg/gradle/internal/invocation/BuildController;)Lorg/gradle/internal/invocation/BuildActionRunner$Result;+34
j  org.gradle.launcher.exec.BuildOutcomeReportingBuildActionRunner.run(Lorg/gradle/internal/invocation/BuildAction;Lorg/gradle/internal/invocation/BuildController;)Lorg/gradle/internal/invocation/BuildActionRunner$Result;+143
j  org.gradle.tooling.internal.provider.ValidatingBuildActionRunner.run(Lorg/gradle/internal/invocation/BuildAction;Lorg/gradle/internal/invocation/BuildController;)Lorg/gradle/internal/invocation/BuildActionRunner$Result;+6
j  org.gradle.launcher.exec.BuildCompletionNotifyingBuildActionRunner.run(Lorg/gradle/internal/invocation/BuildAction;Lorg/gradle/internal/invocation/BuildController;)Lorg/gradle/internal/invocation/BuildActionRunner$Result;+28
j  org.gradle.launcher.exec.RunAsBuildOperationBuildActionRunner$3.call(Lorg/gradle/internal/operations/BuildOperationContext;)Lorg/gradle/internal/invocation/BuildActionRunner$Result;+95
j  org.gradle.launcher.exec.RunAsBuildOperationBuildActionRunner$3.call(Lorg/gradle/internal/operations/BuildOperationContext;)Ljava/lang/Object;+2
j  org.gradle.internal.operations.DefaultBuildOperationExecutor$CallableBuildOperationWorker.execute(Lorg/gradle/internal/operations/CallableBuildOperation;Lorg/gradle/internal/operations/BuildOperationContext;)V+3
j  org.gradle.internal.operations.DefaultBuildOperationExecutor$CallableBuildOperationWorker.execute(Lorg/gradle/internal/operations/BuildOperation;Lorg/gradle/internal/operations/BuildOperationContext;)V+6
j  org.gradle.internal.operations.DefaultBuildOperationExecutor$1.execute(Lorg/gradle/internal/operations/BuildOperationDescriptor;Lorg/gradle/internal/operations/DefaultBuildOperationExecutor$DefaultBuildOperationContext;Lorg/gradle/internal/operations/DefaultBuildOperationExecutor$BuildOperationExecutionListener;)Lorg/gradle/internal/operations/BuildOperation;+18
j  org.gradle.internal.operations.DefaultBuildOperationExecutor.execute(Lorg/gradle/internal/operations/BuildOperationDescriptor$Builder;Lorg/gradle/internal/operations/DefaultBuildOperationExecutor$BuildOperationState;Lorg/gradle/internal/operations/DefaultBuildOperationExecutor$BuildOperationExecution;)Lorg/gradle/internal/operations/BuildOperation;+105
j  org.gradle.internal.operations.DefaultBuildOperationExecutor.execute(Lorg/gradle/internal/operations/BuildOperation;Lorg/gradle/internal/operations/BuildOperationWorker;Lorg/gradle/internal/operations/DefaultBuildOperationExecutor$BuildOperationState;)V+22
j  org.gradle.internal.operations.DefaultBuildOperationExecutor.call(Lorg/gradle/internal/operations/CallableBuildOperation;)Ljava/lang/Object;+16
j  org.gradle.internal.operations.DelegatingBuildOperationExecutor.call(Lorg/gradle/internal/operations/CallableBuildOperation;)Ljava/lang/Object;+5
j  org.gradle.launcher.exec.RunAsBuildOperationBuildActionRunner.run(Lorg/gradle/internal/invocation/BuildAction;Lorg/gradle/internal/invocation/BuildController;)Lorg/gradle/internal/invocation/BuildActionRunner$Result;+33
j  org.gradle.launcher.exec.InProcessBuildActionExecuter$1.transform(Lorg/gradle/internal/invocation/BuildController;)Lorg/gradle/launcher/exec/BuildActionResult;+12
j  org.gradle.launcher.exec.InProcessBuildActionExecuter$1.transform(Ljava/lang/Object;)Ljava/lang/Object;+5
j  org.gradle.composite.internal.DefaultRootBuildState.run(Lorg/gradle/api/Transformer;)Ljava/lang/Object;+43
j  org.gradle.launcher.exec.InProcessBuildActionExecuter.execute(Lorg/gradle/internal/invocation/BuildAction;Lorg/gradle/initialization/BuildRequestContext;Lorg/gradle/launcher/exec/BuildActionParameters;Lorg/gradle/internal/service/ServiceRegistry;)Lorg/gradle/launcher/exec/BuildActionResult;+82
j  org.gradle.launcher.exec.InProcessBuildActionExecuter.execute(Lorg/gradle/internal/invocation/BuildAction;Lorg/gradle/initialization/BuildRequestContext;Ljava/lang/Object;Lorg/gradle/internal/service/ServiceRegistry;)Lorg/gradle/launcher/exec/BuildActionResult;+9
j  org.gradle.launcher.exec.BuildTreeScopeBuildActionExecuter.execute(Lorg/gradle/internal/invocation/BuildAction;Lorg/gradle/initialization/BuildRequestContext;Lorg/gradle/launcher/exec/BuildActionParameters;Lorg/gradle/internal/service/ServiceRegistry;)Lorg/gradle/launcher/exec/BuildActionResult;+38
j  org.gradle.launcher.exec.BuildTreeScopeBuildActionExecuter.execute(Lorg/gradle/internal/invocation/BuildAction;Lorg/gradle/initialization/BuildRequestContext;Ljava/lang/Object;Lorg/gradle/internal/service/ServiceRegistry;)Lorg/gradle/launcher/exec/BuildActionResult;+9
j  org.gradle.tooling.internal.provider.ContinuousBuildActionExecuter.execute(Lorg/gradle/internal/invocation/BuildAction;Lorg/gradle/initialization/BuildRequestContext;Lorg/gradle/launcher/exec/BuildActionParameters;Lorg/gradle/internal/service/ServiceRegistry;)Lorg/gradle/launcher/exec/BuildActionResult;+58
j  org.gradle.tooling.internal.provider.ContinuousBuildActionExecuter.execute(Lorg/gradle/internal/invocation/BuildAction;Lorg/gradle/initialization/BuildRequestContext;Ljava/lang/Object;Lorg/gradle/internal/service/ServiceRegistry;)Lorg/gradle/launcher/exec/BuildActionResult;+9
j  org.gradle.tooling.internal.provider.SubscribableBuildActionExecuter.execute(Lorg/gradle/internal/invocation/BuildAction;Lorg/gradle/initialization/BuildRequestContext;Lorg/gradle/launcher/exec/BuildActionParameters;Lorg/gradle/internal/service/ServiceRegistry;)Lorg/gradle/launcher/exec/BuildActionResult;+41
j  org.gradle.tooling.internal.provider.SubscribableBuildActionExecuter.execute(Lorg/gradle/internal/invocation/BuildAction;Lorg/gradle/initialization/BuildRequestContext;Ljava/lang/Object;Lorg/gradle/internal/service/ServiceRegistry;)Lorg/gradle/launcher/exec/BuildActionResult;+9
j  org.gradle.tooling.internal.provider.SessionScopeBuildActionExecuter.execute(Lorg/gradle/internal/invocation/BuildAction;Lorg/gradle/initialization/BuildRequestContext;Lorg/gradle/launcher/exec/BuildActionParameters;Lorg/gradle/internal/service/ServiceRegistry;)Lorg/gradle/launcher/exec/BuildActionResult;+117
j  org.gradle.tooling.internal.provider.SessionScopeBuildActionExecuter.execute(Lorg/gradle/internal/invocation/BuildAction;Lorg/gradle/initialization/BuildRequestContext;Ljava/lang/Object;Lorg/gradle/internal/service/ServiceRegistry;)Lorg/gradle/launcher/exec/BuildActionResult;+9
j  org.gradle.tooling.internal.provider.GradleThreadBuildActionExecuter.execute(Lorg/gradle/internal/invocation/BuildAction;Lorg/gradle/initialization/BuildRequestContext;Lorg/gradle/launcher/exec/BuildActionParameters;Lorg/gradle/internal/service/ServiceRegistry;)Lorg/gradle/launcher/exec/BuildActionResult;+12
j  org.gradle.tooling.internal.provider.GradleThreadBuildActionExecuter.execute(Lorg/gradle/internal/invocation/BuildAction;Lorg/gradle/initialization/BuildRequestContext;Ljava/lang/Object;Lorg/gradle/internal/service/ServiceRegistry;)Lorg/gradle/launcher/exec/BuildActionResult;+9
j  org.gradle.tooling.internal.provider.StartParamsValidatingActionExecuter.execute(Lorg/gradle/internal/invocation/BuildAction;Lorg/gradle/initialization/BuildRequestContext;Lorg/gradle/launcher/exec/BuildActionParameters;Lorg/gradle/internal/service/ServiceRegistry;)Lorg/gradle/launcher/exec/BuildActionResult;+177
j  org.gradle.tooling.internal.provider.StartParamsValidatingActionExecuter.execute(Lorg/gradle/internal/invocation/BuildAction;Lorg/gradle/initialization/BuildRequestContext;Ljava/lang/Object;Lorg/gradle/internal/service/ServiceRegistry;)Lorg/gradle/launcher/exec/BuildActionResult;+9
j  org.gradle.tooling.internal.provider.SessionFailureReportingActionExecuter.execute(Lorg/gradle/internal/invocation/BuildAction;Lorg/gradle/initialization/BuildRequestContext;Lorg/gradle/launcher/exec/BuildActionParameters;Lorg/gradle/internal/service/ServiceRegistry;)Lorg/gradle/launcher/exec/BuildActionResult;+9
j  org.gradle.tooling.internal.provider.SessionFailureReportingActionExecuter.execute(Lorg/gradle/internal/invocation/BuildAction;Lorg/gradle/initialization/BuildRequestContext;Ljava/lang/Object;Lorg/gradle/internal/service/ServiceRegistry;)Lorg/gradle/launcher/exec/BuildActionResult;+9
j  org.gradle.tooling.internal.provider.SetupLoggingActionExecuter.execute(Lorg/gradle/internal/invocation/BuildAction;Lorg/gradle/initialization/BuildRequestContext;Lorg/gradle/launcher/exec/BuildActionParameters;Lorg/gradle/internal/service/ServiceRegistry;)Lorg/gradle/launcher/exec/BuildActionResult;+52
j  org.gradle.tooling.internal.provider.SetupLoggingActionExecuter.execute(Lorg/gradle/internal/invocation/BuildAction;Lorg/gradle/initialization/BuildRequestContext;Ljava/lang/Object;Lorg/gradle/internal/service/ServiceRegistry;)Lorg/gradle/launcher/exec/BuildActionResult;+9
j  org.gradle.launcher.daemon.server.exec.ExecuteBuild.doBuild(Lorg/gradle/launcher/daemon/server/api/DaemonCommandExecution;Lorg/gradle/launcher/daemon/protocol/Build;)V+118
j  org.gradle.launcher.daemon.server.exec.BuildCommandOnly.execute(Lorg/gradle/launcher/daemon/server/api/DaemonCommandExecution;)V+49
j  org.gradle.launcher.daemon.server.api.DaemonCommandExecution.proceed()Z+23
j  org.gradle.launcher.daemon.server.exec.WatchForDisconnection.execute(Lorg/gradle/launcher/daemon/server/api/DaemonCommandExecution;)V+19
j  org.gradle.launcher.daemon.server.api.DaemonCommandExecution.proceed()Z+23
j  org.gradle.launcher.daemon.server.exec.ResetDeprecationLogger.execute(Lorg/gradle/launcher/daemon/server/api/DaemonCommandExecution;)V+7
j  org.gradle.launcher.daemon.server.api.DaemonCommandExecution.proceed()Z+23
j  org.gradle.launcher.daemon.server.exec.RequestStopIfSingleUsedDaemon.execute(Lorg/gradle/launcher/daemon/server/api/DaemonCommandExecution;)V+33
j  org.gradle.launcher.daemon.server.api.DaemonCommandExecution.proceed()Z+23
j  org.gradle.launcher.daemon.server.exec.ForwardClientInput$2.create()Ljava/lang/Void;+4
j  org.gradle.launcher.daemon.server.exec.ForwardClientInput$2.create()Ljava/lang/Object;+1
j  org.gradle.util.Swapper.swap(Ljava/lang/Object;Lorg/gradle/internal/Factory;)Ljava/lang/Object;+21
j  org.gradle.launcher.daemon.server.exec.ForwardClientInput.execute(Lorg/gradle/launcher/daemon/server/api/DaemonCommandExecution;)V+63
j  org.gradle.launcher.daemon.server.api.DaemonCommandExecution.proceed()Z+23
j  org.gradle.launcher.daemon.server.exec.LogAndCheckHealth.execute(Lorg/gradle/launcher/daemon/server/api/DaemonCommandExecution;)V+28
j  org.gradle.launcher.daemon.server.api.DaemonCommandExecution.proceed()Z+23
j  org.gradle.launcher.daemon.server.exec.LogToClient.doBuild(Lorg/gradle/launcher/daemon/server/api/DaemonCommandExecution;Lorg/gradle/launcher/daemon/protocol/Build;)V+87
j  org.gradle.launcher.daemon.server.exec.BuildCommandOnly.execute(Lorg/gradle/launcher/daemon/server/api/DaemonCommandExecution;)V+49
j  org.gradle.launcher.daemon.server.api.DaemonCommandExecution.proceed()Z+23
j  org.gradle.launcher.daemon.server.exec.EstablishBuildEnvironment.doBuild(Lorg/gradle/launcher/daemon/server/api/DaemonCommandExecution;Lorg/gradle/launcher/daemon/protocol/Build;)V+351
j  org.gradle.launcher.daemon.server.exec.BuildCommandOnly.execute(Lorg/gradle/launcher/daemon/server/api/DaemonCommandExecution;)V+49
j  org.gradle.launcher.daemon.server.api.DaemonCommandExecution.proceed()Z+23
j  org.gradle.launcher.daemon.server.exec.StartBuildOrRespondWithBusy$1.run()V+44
j  org.gradle.launcher.daemon.server.DaemonStateCoordinator$1.run()V+4
j  org.gradle.internal.concurrent.ExecutorPolicy$CatchAndRecordFailures.onExecute(Ljava/lang/Runnable;)V+1
j  org.gradle.internal.concurrent.ManagedExecutorImpl$1.run()V+25
j  java.util.concurrent.ThreadPoolExecutor.runWorker(Ljava/util/concurrent/ThreadPoolExecutor$Worker;)V+95
j  java.util.concurrent.ThreadPoolExecutor$Worker.run()V+5
j  org.gradle.internal.concurrent.ThreadFactoryImpl$ManagedThreadRunnable.run()V+7
j  java.lang.Thread.run()V+11
v  ~StubRoutines::call_stub

---------------  P R O C E S S  ---------------

Java Threads: ( => current thread )
  0x000000001b828000 JavaThread "Cache worker for file hash cache (D:\Projects\Android\Android_NoteWork\.gradle\6.5\fileHashes)" [_thread_blocked, id=12584, stack(0x0000000021440000,0x0000000021540000)]
  0x000000001b822800 JavaThread "Cache worker for file hash cache (C:\Users\Glen\.gradle\caches\6.5\fileHashes)" [_thread_blocked, id=14284, stack(0x000000001db70000,0x000000001dc70000)]
  0x000000001b821000 JavaThread "File lock request listener" [_thread_in_native, id=1056, stack(0x000000001da70000,0x000000001db70000)]
  0x0000000019bdc800 JavaThread "Cache worker for journal cache (C:\Users\Glen\.gradle\caches\journal-1)" [_thread_blocked, id=11972, stack(0x000000001d870000,0x000000001d970000)]
  0x0000000019ada000 JavaThread "Thread-9" [_thread_blocked, id=9296, stack(0x000000001d570000,0x000000001d670000)]
  0x000000001952e800 JavaThread "Stdin handler" [_thread_blocked, id=8772, stack(0x000000001d470000,0x000000001d570000)]
  0x000000001952e000 JavaThread "Asynchronous log dispatcher for DefaultDaemonConnection: socket connection from /127.0.0.1:49395 to /127.0.0.1:49396" [_thread_blocked, id=10940, stack(0x000000001d370000,0x000000001d470000)]
=>0x0000000019cc7800 JavaThread "Daemon worker" [_thread_in_vm, id=8976, stack(0x000000001d270000,0x000000001d370000)]
  0x0000000019ccc800 JavaThread "Cancel handler" [_thread_blocked, id=7344, stack(0x000000001d170000,0x000000001d270000)]
  0x0000000019570800 JavaThread "Handler for socket connection from /127.0.0.1:49395 to /127.0.0.1:49396" [_thread_in_native, id=14152, stack(0x000000001d070000,0x000000001d170000)]
  0x0000000019570000 JavaThread "Daemon" [_thread_blocked, id=10544, stack(0x000000001cf70000,0x000000001d070000)]
  0x000000001b7ee000 JavaThread "Daemon periodic checks" [_thread_blocked, id=6676, stack(0x000000001cc70000,0x000000001cd70000)]
  0x000000001b767000 JavaThread "Incoming local TCP Connector on port 49395" [_thread_in_native, id=10152, stack(0x000000001ca30000,0x000000001cb30000)]
  0x000000001b6d0000 JavaThread "Daemon health stats" [_thread_blocked, id=6276, stack(0x000000001c3f0000,0x000000001c4f0000)]
  0x0000000019472000 JavaThread "Service Thread" daemon [_thread_blocked, id=13228, stack(0x0000000019850000,0x0000000019950000)]
  0x0000000017ae4800 JavaThread "C1 CompilerThread2" daemon [_thread_blocked, id=3468, stack(0x0000000019350000,0x0000000019450000)]
  0x0000000017adb000 JavaThread "C2 CompilerThread1" daemon [_thread_blocked, id=13528, stack(0x0000000019250000,0x0000000019350000)]
  0x0000000017ad6000 JavaThread "C2 CompilerThread0" daemon [_thread_blocked, id=7592, stack(0x0000000019150000,0x0000000019250000)]
  0x0000000017ad2800 JavaThread "Attach Listener" daemon [_thread_blocked, id=1596, stack(0x0000000019050000,0x0000000019150000)]
  0x0000000017ad1800 JavaThread "Signal Dispatcher" daemon [_thread_blocked, id=9052, stack(0x0000000018f50000,0x0000000019050000)]
  0x0000000002eab800 JavaThread "Finalizer" daemon [_thread_blocked, id=13592, stack(0x0000000018d50000,0x0000000018e50000)]
  0x0000000017ab9000 JavaThread "Reference Handler" daemon [_thread_blocked, id=8128, stack(0x0000000018c50000,0x0000000018d50000)]
  0x0000000002afe000 JavaThread "main" [_thread_blocked, id=1740, stack(0x0000000002bd0000,0x0000000002cd0000)]

Other Threads:
  0x0000000017a96800 VMThread [stack: 0x0000000018b50000,0x0000000018c50000] [id=13608]
  0x0000000019475000 WatcherThread [stack: 0x0000000019950000,0x0000000019a50000] [id=11544]

VM state:not at safepoint (normal execution)

VM Mutex/Monitor currently owned by a thread:  ([mutex/lock_event])
[0x0000000002afcb50] SymbolTable_lock - owner thread: 0x0000000019cc7800

heap address: 0x0000000080000000, size: 2048 MB, Compressed Oops mode: 32-bit
Narrow klass base: 0x0000000000000000, Narrow klass shift: 3
Compressed class space size: 1073741824 Address: 0x0000000100000000

Heap:
 PSYoungGen      total 57344K, used 13384K [0x00000000d5580000, 0x00000000dc580000, 0x0000000100000000)
  eden space 49152K, 10% used [0x00000000d5580000,0x00000000d5a94798,0x00000000d8580000)
  from space 8192K, 99% used [0x00000000d8d80000,0x00000000d957d950,0x00000000d9580000)
  to   space 8192K, 0% used [0x00000000d8580000,0x00000000d8580000,0x00000000d8d80000)
 ParOldGen       total 131072K, used 2801K [0x0000000080000000, 0x0000000088000000, 0x00000000d5580000)
  object space 131072K, 2% used [0x0000000080000000,0x00000000802bc530,0x0000000088000000)
 Metaspace       used 20517K, capacity 21184K, committed 21248K, reserved 1067008K
  class space    used 2857K, capacity 3044K, committed 3072K, reserved 1048576K

Card table byte_map: [0x0000000012270000,0x0000000012680000] byte_map_base: 0x0000000011e70000

Marking Bits: (ParMarkBitMap*) 0x0000000070daf030
 Begin Bits: [0x0000000012d30000, 0x0000000014d30000)
 End Bits:   [0x0000000014d30000, 0x0000000016d30000)

Polling page: 0x0000000000e80000

CodeCache: size=245760Kb used=6601Kb max_used=6612Kb free=239158Kb
 bounds [0x0000000002eb0000, 0x0000000003530000, 0x0000000011eb0000]
 total_blobs=2228 nmethods=1803 adapters=338
 compilation: enabled

Compilation events (10 events):
Event: 5.626 Thread 0x0000000017ae4800 nmethod 1802 0x0000000003515cd0 code [0x0000000003516320, 0x000000000351a8f8]
Event: 5.633 Thread 0x0000000017ae4800 1803       3       sun.nio.fs.WindowsPathParser::normalize (233 bytes)
Event: 5.637 Thread 0x0000000017ae4800 nmethod 1803 0x000000000351d550 code [0x000000000351db00, 0x0000000003521908]
Event: 5.637 Thread 0x0000000017ae4800 1804       3       sun.reflect.ReflectionFactory::newMethodAccessor (79 bytes)
Event: 5.638 Thread 0x0000000017adb000 nmethod 1801 0x00000000035241d0 code [0x0000000003524400, 0x0000000003524dd8]
Event: 5.639 Thread 0x0000000017ae4800 nmethod 1804 0x0000000003525810 code [0x0000000003525ae0, 0x0000000003527378]
Event: 5.640 Thread 0x0000000017ae4800 1805       3       sun.reflect.NativeMethodAccessorImpl::<init> (10 bytes)
Event: 5.640 Thread 0x0000000017ae4800 nmethod 1805 0x00000000034d3a10 code [0x00000000034d3b80, 0x00000000034d3e10]
Event: 5.642 Thread 0x0000000017ad6000 1806       4       java.security.CodeSource::getCertificates (98 bytes)
Event: 5.643 Thread 0x0000000017ad6000 nmethod 1806 0x00000000034d1c10 code [0x00000000034d1d40, 0x00000000034d1dd8]

GC Heap History (8 events):
Event: 1.472 GC heap before
{Heap before GC invocations=1 (full 0):
 PSYoungGen      total 57344K, used 49152K [0x00000000d5580000, 0x00000000d9580000, 0x0000000100000000)
  eden space 49152K, 100% used [0x00000000d5580000,0x00000000d8580000,0x00000000d8580000)
  from space 8192K, 0% used [0x00000000d8d80000,0x00000000d8d80000,0x00000000d9580000)
  to   space 8192K, 0% used [0x00000000d8580000,0x00000000d8580000,0x00000000d8d80000)
 ParOldGen       total 131072K, used 0K [0x0000000080000000, 0x0000000088000000, 0x00000000d5580000)
  object space 131072K, 0% used [0x0000000080000000,0x0000000080000000,0x0000000088000000)
 Metaspace       used 7263K, capacity 7510K, committed 7680K, reserved 1056768K
  class space    used 890K, capacity 973K, committed 1024K, reserved 1048576K
Event: 1.481 GC heap after
Heap after GC invocations=1 (full 0):
 PSYoungGen      total 57344K, used 4633K [0x00000000d5580000, 0x00000000d9580000, 0x0000000100000000)
  eden space 49152K, 0% used [0x00000000d5580000,0x00000000d5580000,0x00000000d8580000)
  from space 8192K, 56% used [0x00000000d8580000,0x00000000d8a06788,0x00000000d8d80000)
  to   space 8192K, 0% used [0x00000000d8d80000,0x00000000d8d80000,0x00000000d9580000)
 ParOldGen       total 131072K, used 0K [0x0000000080000000, 0x0000000088000000, 0x00000000d5580000)
  object space 131072K, 0% used [0x0000000080000000,0x0000000080000000,0x0000000088000000)
 Metaspace       used 7263K, capacity 7510K, committed 7680K, reserved 1056768K
  class space    used 890K, capacity 973K, committed 1024K, reserved 1048576K
}
Event: 3.716 GC heap before
{Heap before GC invocations=2 (full 0):
 PSYoungGen      total 57344K, used 53785K [0x00000000d5580000, 0x00000000d9580000, 0x0000000100000000)
  eden space 49152K, 100% used [0x00000000d5580000,0x00000000d8580000,0x00000000d8580000)
  from space 8192K, 56% used [0x00000000d8580000,0x00000000d8a06788,0x00000000d8d80000)
  to   space 8192K, 0% used [0x00000000d8d80000,0x00000000d8d80000,0x00000000d9580000)
 ParOldGen       total 131072K, used 0K [0x0000000080000000, 0x0000000088000000, 0x00000000d5580000)
  object space 131072K, 0% used [0x0000000080000000,0x0000000080000000,0x0000000088000000)
 Metaspace       used 11543K, capacity 11878K, committed 12160K, reserved 1060864K
  class space    used 1533K, capacity 1641K, committed 1664K, reserved 1048576K
Event: 3.732 GC heap after
Heap after GC invocations=2 (full 0):
 PSYoungGen      total 57344K, used 6241K [0x00000000d5580000, 0x00000000d9580000, 0x0000000100000000)
  eden space 49152K, 0% used [0x00000000d5580000,0x00000000d5580000,0x00000000d8580000)
  from space 8192K, 76% used [0x00000000d8d80000,0x00000000d93985e8,0x00000000d9580000)
  to   space 8192K, 0% used [0x00000000d8580000,0x00000000d8580000,0x00000000d8d80000)
 ParOldGen       total 131072K, used 8K [0x0000000080000000, 0x0000000088000000, 0x00000000d5580000)
  object space 131072K, 0% used [0x0000000080000000,0x0000000080002000,0x0000000088000000)
 Metaspace       used 11543K, capacity 11878K, committed 12160K, reserved 1060864K
  class space    used 1533K, capacity 1641K, committed 1664K, reserved 1048576K
}
Event: 4.697 GC heap before
{Heap before GC invocations=3 (full 0):
 PSYoungGen      total 57344K, used 55393K [0x00000000d5580000, 0x00000000d9580000, 0x0000000100000000)
  eden space 49152K, 100% used [0x00000000d5580000,0x00000000d8580000,0x00000000d8580000)
  from space 8192K, 76% used [0x00000000d8d80000,0x00000000d93985e8,0x00000000d9580000)
  to   space 8192K, 0% used [0x00000000d8580000,0x00000000d8580000,0x00000000d8d80000)
 ParOldGen       total 131072K, used 8K [0x0000000080000000, 0x0000000088000000, 0x00000000d5580000)
  object space 131072K, 0% used [0x0000000080000000,0x0000000080002000,0x0000000088000000)
 Metaspace       used 16574K, capacity 17172K, committed 17280K, reserved 1064960K
  class space    used 2209K, capacity 2400K, committed 2432K, reserved 1048576K
Event: 4.713 GC heap after
Heap after GC invocations=3 (full 0):
 PSYoungGen      total 57344K, used 8168K [0x00000000d5580000, 0x00000000d9580000, 0x0000000100000000)
  eden space 49152K, 0% used [0x00000000d5580000,0x00000000d5580000,0x00000000d8580000)
  from space 8192K, 99% used [0x00000000d8580000,0x00000000d8d7a048,0x00000000d8d80000)
  to   space 8192K, 0% used [0x00000000d8d80000,0x00000000d8d80000,0x00000000d9580000)
 ParOldGen       total 131072K, used 761K [0x0000000080000000, 0x0000000088000000, 0x00000000d5580000)
  object space 131072K, 0% used [0x0000000080000000,0x00000000800be4c0,0x0000000088000000)
 Metaspace       used 16574K, capacity 17172K, committed 17280K, reserved 1064960K
  class space    used 2209K, capacity 2400K, committed 2432K, reserved 1048576K
}
Event: 5.587 GC heap before
{Heap before GC invocations=4 (full 0):
 PSYoungGen      total 57344K, used 57320K [0x00000000d5580000, 0x00000000d9580000, 0x0000000100000000)
  eden space 49152K, 100% used [0x00000000d5580000,0x00000000d8580000,0x00000000d8580000)
  from space 8192K, 99% used [0x00000000d8580000,0x00000000d8d7a048,0x00000000d8d80000)
  to   space 8192K, 0% used [0x00000000d8d80000,0x00000000d8d80000,0x00000000d9580000)
 ParOldGen       total 131072K, used 761K [0x0000000080000000, 0x0000000088000000, 0x00000000d5580000)
  object space 131072K, 0% used [0x0000000080000000,0x00000000800be4c0,0x0000000088000000)
 Metaspace       used 20297K, capacity 20992K, committed 21248K, reserved 1067008K
  class space    used 2824K, capacity 3044K, committed 3072K, reserved 1048576K
Event: 5.601 GC heap after
Heap after GC invocations=4 (full 0):
 PSYoungGen      total 57344K, used 8182K [0x00000000d5580000, 0x00000000dc580000, 0x0000000100000000)
  eden space 49152K, 0% used [0x00000000d5580000,0x00000000d5580000,0x00000000d8580000)
  from space 8192K, 99% used [0x00000000d8d80000,0x00000000d957d950,0x00000000d9580000)
  to   space 8192K, 0% used [0x00000000d8580000,0x00000000d8580000,0x00000000d8d80000)
 ParOldGen       total 131072K, used 2801K [0x0000000080000000, 0x0000000088000000, 0x00000000d5580000)
  object space 131072K, 2% used [0x0000000080000000,0x00000000802bc530,0x0000000088000000)
 Metaspace       used 20297K, capacity 20992K, committed 21248K, reserved 1067008K
  class space    used 2824K, capacity 3044K, committed 3072K, reserved 1048576K
}

Deoptimization events (10 events):
Event: 4.486 Thread 0x0000000019cc7800 Uncommon trap: reason=unstable_if action=reinterpret pc=0x00000000031ea554 method=java.lang.String.substring(I)Ljava/lang/String; @ 35
Event: 4.862 Thread 0x0000000019cc7800 Uncommon trap: reason=unstable_if action=reinterpret pc=0x00000000031e91b0 method=java.util.LinkedHashMap.afterNodeInsertion(Z)V @ 1
Event: 4.864 Thread 0x0000000019cc7800 Uncommon trap: reason=unstable_if action=reinterpret pc=0x000000000311bf84 method=java.util.HashMap.getNode(ILjava/lang/Object;)Ljava/util/HashMap$Node; @ 129
Event: 4.864 Thread 0x0000000019cc7800 Uncommon trap: reason=bimorphic action=maybe_recompile pc=0x000000000338bd34 method=java.util.HashMap.putVal(ILjava/lang/Object;Ljava/lang/Object;ZZ)Ljava/lang/Object; @ 203
Event: 4.869 Thread 0x0000000019cc7800 Uncommon trap: reason=unstable_if action=reinterpret pc=0x000000000311e950 method=java.util.HashMap.getNode(ILjava/lang/Object;)Ljava/util/HashMap$Node; @ 129
Event: 4.869 Thread 0x0000000019cc7800 Uncommon trap: reason=bimorphic action=maybe_recompile pc=0x000000000338bd34 method=java.util.HashMap.putVal(ILjava/lang/Object;Ljava/lang/Object;ZZ)Ljava/lang/Object; @ 203
Event: 4.870 Thread 0x0000000019cc7800 Uncommon trap: reason=bimorphic action=maybe_recompile pc=0x00000000033850e0 method=java.util.HashMap.putVal(ILjava/lang/Object;Ljava/lang/Object;ZZ)Ljava/lang/Object; @ 203
Event: 5.067 Thread 0x0000000019cc7800 Uncommon trap: reason=unstable_if action=reinterpret pc=0x00000000033a47cc method=java.util.jar.Attributes$Name.isDigit(C)Z @ 3
Event: 5.360 Thread 0x0000000019cc7800 Uncommon trap: reason=unstable_if action=reinterpret pc=0x0000000003085088 method=java.net.URI.match(CJJ)Z @ 19
Event: 5.361 Thread 0x0000000019cc7800 Uncommon trap: reason=unstable_if action=reinterpret pc=0x0000000003171000 method=java.net.URI.match(CJJ)Z @ 19

Classes redefined (0 events):
No events

Internal exceptions (10 events):
Event: 3.900 Thread 0x0000000019570800 Exception <a 'java/lang/NoSuchMethodError': <clinit>> (0x00000000d564ef68) thrown at [C:\src\AOSP-openjdk-git\hotspot\src\share\vm\prims\jni.cpp, line 1615]
Event: 3.913 Thread 0x0000000019570800 Exception <a 'java/lang/NoSuchMethodError': <clinit>> (0x00000000d570bd80) thrown at [C:\src\AOSP-openjdk-git\hotspot\src\share\vm\prims\jni.cpp, line 1615]
Event: 3.925 Thread 0x0000000019570800 Exception <a 'java/lang/NoSuchMethodError': <clinit>> (0x00000000d5746258) thrown at [C:\src\AOSP-openjdk-git\hotspot\src\share\vm\prims\jni.cpp, line 1615]
Event: 3.933 Thread 0x0000000019570800 Exception <a 'java/lang/NoSuchMethodError': <clinit>> (0x00000000d577be18) thrown at [C:\src\AOSP-openjdk-git\hotspot\src\share\vm\prims\jni.cpp, line 1615]
Event: 3.934 Thread 0x0000000019570800 Exception <a 'java/lang/NoSuchMethodError': <clinit>> (0x00000000d5788378) thrown at [C:\src\AOSP-openjdk-git\hotspot\src\share\vm\prims\jni.cpp, line 1615]
Event: 4.549 Thread 0x0000000019cc7800 Exception <a 'java/lang/NoSuchMethodError': java.lang.Object.lambda$and$0(Ljava/util/function/Predicate;Ljava/lang/Object;)Z> (0x00000000d7cd6f20) thrown at [C:\src\AOSP-openjdk-git\hotspot\src\share\vm\interpreter\linkResolver.cpp, line 620]
Event: 4.568 Thread 0x0000000019cc7800 Exception <a 'java/lang/IncompatibleClassChangeError': Found class java.lang.Object, but interface was expected> (0x00000000d7ce7218) thrown at [C:\src\AOSP-openjdk-git\hotspot\src\share\vm\interpreter\linkResolver.cpp, line 653]
Event: 4.571 Thread 0x0000000019cc7800 Exception <a 'java/lang/NoSuchMethodError': java.lang.Object.lambda$or$2(Ljava/util/function/Predicate;Ljava/lang/Object;)Z> (0x00000000d7cebd68) thrown at [C:\src\AOSP-openjdk-git\hotspot\src\share\vm\interpreter\linkResolver.cpp, line 620]
Event: 4.935 Thread 0x0000000019cc7800 Exception <a 'java/lang/NoSuchMethodError': java.lang.Object.lambda$static$0(Lorg/gradle/internal/state/ModelObject;)Ljava/lang/String;> (0x00000000d6495848) thrown at [C:\src\AOSP-openjdk-git\hotspot\src\share\vm\interpreter\linkResolver.cpp, line 620]
Event: 5.457 Thread 0x0000000019cc7800 Exception <a 'java/lang/NoSuchMethodError': java.lang.Object.lambda$static$1(Lorg/gradle/internal/snapshot/SnapshotHierarchy$DiffCapturingUpdateFunction;)Lorg/gradle/internal/snapshot/AtomicSnapshotHierarchyReference$UpdateFunction;> (0x00000000d7b9db78) 

Events (10 events):
Event: 5.644 loading class org/gradle/api/attributes/AttributeContainer
Event: 5.644 loading class org/gradle/api/attributes/AttributeContainer done
Event: 5.645 loading class org/gradle/api/attributes/HasAttributes
Event: 5.645 loading class org/gradle/api/attributes/HasAttributes done
Event: 5.645 loading class org/gradle/internal/component/local/model/LocalFileDependencyMetadata
Event: 5.645 loading class org/gradle/internal/component/local/model/LocalFileDependencyMetadata done
Event: 5.645 loading class org/gradle/api/internal/artifacts/ivyservice/moduleconverter/DefaultLocalComponentMetadataBuilder
Event: 5.645 loading class org/gradle/api/internal/artifacts/ivyservice/moduleconverter/DefaultLocalComponentMetadataBuilder done
Event: 5.646 loading class org/gradle/api/artifacts/Configuration
Event: 5.646 loading class org/gradle/api/artifacts/Configuration done


Dynamic libraries:
0x00007ff690c10000 - 0x00007ff690c41000 	C:\Program Files\Android\Android Studio\jre\bin\java.exe
0x00007ffb70de0000 - 0x00007ffb70fd0000 	C:\Windows\SYSTEM32\ntdll.dll
0x00007ffb70380000 - 0x00007ffb70432000 	C:\Windows\System32\KERNEL32.DLL
0x00007ffb6e6f0000 - 0x00007ffb6e994000 	C:\Windows\System32\KERNELBASE.dll
0x00007ffb6fa60000 - 0x00007ffb6fb03000 	C:\Windows\System32\ADVAPI32.dll
0x00007ffb6f3e0000 - 0x00007ffb6f47e000 	C:\Windows\System32\msvcrt.dll
0x00007ffb701d0000 - 0x00007ffb70267000 	C:\Windows\System32\sechost.dll
0x00007ffb6f2b0000 - 0x00007ffb6f3d0000 	C:\Windows\System32\RPCRT4.dll
0x00007ffb70b30000 - 0x00007ffb70cc5000 	C:\Windows\System32\USER32.dll
0x00007ffb6eba0000 - 0x00007ffb6ebc1000 	C:\Windows\System32\win32u.dll
0x00007ffb6f800000 - 0x00007ffb6f826000 	C:\Windows\System32\GDI32.dll
0x00007ffb6eca0000 - 0x00007ffb6ee36000 	C:\Windows\System32\gdi32full.dll
0x00007ffb6ec00000 - 0x00007ffb6ec9e000 	C:\Windows\System32\msvcp_win.dll
0x00007ffb6e510000 - 0x00007ffb6e60a000 	C:\Windows\System32\ucrtbase.dll
0x00007ffb49a20000 - 0x00007ffb49ca4000 	C:\Windows\WinSxS\amd64_microsoft.windows.common-controls_6595b64144ccf1df_6.0.18362.1016_none_9e7a36bbe461dae4\COMCTL32.dll
0x00007ffb6ee90000 - 0x00007ffb6f1c5000 	C:\Windows\System32\combase.dll
0x00007ffb6e670000 - 0x00007ffb6e6f0000 	C:\Windows\System32\bcryptPrimitives.dll
0x00007ffb6f280000 - 0x00007ffb6f2ae000 	C:\Windows\System32\IMM32.DLL
0x00007ffb4a520000 - 0x00007ffb4a54b000 	C:\Program Files\MacType\MacType64.dll
0x00007ffb4a550000 - 0x00007ffb4a5a6000 	C:\Program Files\MacType\Easyhk64.dll
0x00007ffb4a070000 - 0x00007ffb4a17e000 	C:\Program Files\MacType\MacType64.Core.dll
0x00007ffb6a900000 - 0x00007ffb6aec0000 	C:\Windows\SYSTEM32\d2d1.dll
0x00007ffb5ddf0000 - 0x00007ffb5e0ee000 	C:\Windows\SYSTEM32\dwrite.dll
0x00000000719e0000 - 0x0000000071ab2000 	C:\Program Files\Android\Android Studio\jre\jre\bin\msvcr100.dll
0x00000000705e0000 - 0x0000000070e2b000 	C:\Program Files\Android\Android Studio\jre\jre\bin\server\jvm.dll
0x00007ffb6f3d0000 - 0x00007ffb6f3d8000 	C:\Windows\System32\PSAPI.DLL
0x00007ffb560c0000 - 0x00007ffb560c9000 	C:\Windows\SYSTEM32\WSOCK32.dll
0x00007ffb70d30000 - 0x00007ffb70d9f000 	C:\Windows\System32\WS2_32.dll
0x00007ffb6bbe0000 - 0x00007ffb6bc04000 	C:\Windows\SYSTEM32\WINMM.dll
0x00007ffb63640000 - 0x00007ffb6364a000 	C:\Windows\SYSTEM32\VERSION.dll
0x00007ffb6b760000 - 0x00007ffb6b78d000 	C:\Windows\SYSTEM32\WINMMBASE.dll
0x00007ffb6ee40000 - 0x00007ffb6ee8a000 	C:\Windows\System32\cfgmgr32.dll
0x00007ffb6a700000 - 0x00007ffb6a70f000 	C:\Program Files\Android\Android Studio\jre\jre\bin\verify.dll
0x00007ffb69920000 - 0x00007ffb69949000 	C:\Program Files\Android\Android Studio\jre\jre\bin\java.dll
0x00007ffb6a6e0000 - 0x00007ffb6a6f6000 	C:\Program Files\Android\Android Studio\jre\jre\bin\zip.dll
0x00007ffb70440000 - 0x00007ffb70b27000 	C:\Windows\System32\SHELL32.dll
0x00007ffb6f4e0000 - 0x00007ffb6f589000 	C:\Windows\System32\shcore.dll
0x00007ffb6dd80000 - 0x00007ffb6e502000 	C:\Windows\System32\windows.storage.dll
0x00007ffb6dd30000 - 0x00007ffb6dd53000 	C:\Windows\System32\profapi.dll
0x00007ffb6dca0000 - 0x00007ffb6dcea000 	C:\Windows\System32\powrprof.dll
0x00007ffb6dc90000 - 0x00007ffb6dca0000 	C:\Windows\System32\UMPDC.dll
0x00007ffb70cd0000 - 0x00007ffb70d22000 	C:\Windows\System32\shlwapi.dll
0x00007ffb6dcf0000 - 0x00007ffb6dd01000 	C:\Windows\System32\kernel.appcore.dll
0x00007ffb6dd60000 - 0x00007ffb6dd77000 	C:\Windows\System32\cryptsp.dll
0x00007ffb5cc50000 - 0x00007ffb5cc6a000 	C:\Program Files\Android\Android Studio\jre\jre\bin\net.dll
0x00007ffb6d4f0000 - 0x00007ffb6d557000 	C:\Windows\system32\mswsock.dll
0x00007ffb5c6a0000 - 0x00007ffb5c6b3000 	C:\Program Files\Android\Android Studio\jre\jre\bin\nio.dll
0x00007ffb5afd0000 - 0x00007ffb5aff7000 	C:\Users\Glen\.gradle\native\f6784746aeab05261644944871eae4fe03e0ef1612fff0a4a95f87b438bc6780\windows-amd64\native-platform.dll
0x00007ffb5c690000 - 0x00007ffb5c69d000 	C:\Program Files\Android\Android Studio\jre\jre\bin\management.dll
0x00007ffb6d060000 - 0x00007ffb6d093000 	C:\Windows\system32\rsaenh.dll
0x00007ffb6ebd0000 - 0x00007ffb6ebf6000 	C:\Windows\System32\bcrypt.dll
0x00007ffb6dbb0000 - 0x00007ffb6dbd5000 	C:\Windows\SYSTEM32\USERENV.dll
0x00007ffb6d6c0000 - 0x00007ffb6d6cc000 	C:\Windows\SYSTEM32\CRYPTBASE.dll
0x00007ffb6d200000 - 0x00007ffb6d23a000 	C:\Windows\SYSTEM32\IPHLPAPI.DLL
0x00007ffb70280000 - 0x00007ffb70288000 	C:\Windows\System32\NSI.dll
0x00007ffb63710000 - 0x00007ffb63726000 	C:\Windows\SYSTEM32\dhcpcsvc6.DLL
0x00007ffb65320000 - 0x00007ffb6533c000 	C:\Windows\SYSTEM32\dhcpcsvc.DLL
0x00007ffb6d240000 - 0x00007ffb6d30b000 	C:\Windows\SYSTEM32\DNSAPI.dll
0x00007ffb65450000 - 0x00007ffb6545b000 	C:\Windows\SYSTEM32\WINNSI.DLL
0x00007ffb57a80000 - 0x00007ffb57c74000 	C:\Windows\SYSTEM32\dbghelp.dll

VM Arguments:
jvm_args: -Xmx2048m -Dfile.encoding=UTF-8 -Duser.country=US -Duser.language=en -Duser.variant 
java_command: org.gradle.launcher.daemon.bootstrap.GradleDaemon 6.5
java_class_path (initial): C:\Users\Glen\.gradle\wrapper\dists\gradle-6.5-all\2oz4ud9k3tuxjg84bbf55q0tn\gradle-6.5\lib\gradle-launcher-6.5.jar
Launcher Type: SUN_STANDARD

Environment Variables:
JAVA_HOME=C:\Program Files\Java\jdk-15.0.1\bin
PATH=C:\Program Files (x86)\Common Files\Oracle\Java\javapath;C:\Program Files\Common Files\Oracle\Java\javapath;C:\Windows\system32;C:\Windows;C:\Windows\System32\Wbem;C:\Windows\System32\WindowsPowerShell\v1.0\;C:\Windows\System32\OpenSSH\;C:\Program Files\nodejs\;C:\Program Files\PuTTY\;C:\Program Files\Microsoft SQL Server\Client SDK\ODBC\170\Tools\Binn\;C:\Program Files (x86)\Microsoft SQL Server\150\Tools\Binn\;C:\Program Files\Microsoft SQL Server\150\Tools\Binn\;C:\Program Files\Microsoft SQL Server\150\DTS\Binn\;C:\Program Files (x86)\Microsoft SQL Server\150\DTS\Binn\;C:\Program Files\Azure Data Studio\bin;C:\Program Files\dotnet\;C:\Program Files\Microsoft SQL Server\130\Tools\Binn\;C:\Program Files\Git\cmd;C:\Users\Glen\AppData\Local\Microsoft\WindowsApps;JAVA_HOME;C:\Users\Glen\AppData\Roaming\npm;C:\Users\Glen\AppData\Local\Programs\Microsoft VS Code\bin;C:\Program Files\Azure Data Studio\bin;C:\Users\Glen\.dotnet\tools
USERNAME=Glen
OS=Windows_NT
PROCESSOR_IDENTIFIER=Intel64 Family 6 Model 142 Stepping 9, GenuineIntel



---------------  S Y S T E M  ---------------

OS: Windows 10.0 , 64 bit Build 18362 (10.0.18362.959)

CPU:total 4 (initial active 4) (2 cores per cpu, 2 threads per core) family 6 model 142 stepping 9, cmov, cx8, fxsr, mmx, sse, sse2, sse3, ssse3, sse4.1, sse4.2, popcnt, avx, avx2, aes, clmul, erms, 3dnowpref, lzcnt, ht, tsc, tscinvbit, bmi1, bmi2, adx

Memory: 4k page, physical 12489956k(6609772k free), swap 19305700k(11144944k free)

vm_info: OpenJDK 64-Bit Server VM (25.242-b01) for windows-amd64 JRE (1.8.0_242-release-1644-b01), built by "builder" with MS VC++ 10.0 (VS2010)

time: Sat Nov 21 19:55:49 2020
timezone: SE Asia Standard Time
elapsed time: 5 seconds (0d 0h 0m 5s)

